# JRE version: Java(TM) SE Runtime Environment 18.9 (11.0.13+10) (build 11.0.13+10-LTS-370)
# Java VM: Java HotSpot(TM) 64-Bit Server VM 18.9 (11.0.13+10-LTS-370, mixed mode, tiered, compressed oops, g1 gc, windows-amd64)
Heap:
 garbage-first heap   total 80896K, used 59720K [0x00000000d1000000, 0x0000000100000000)
  region size 1024K, 3 young (3072K), 2 survivors (2048K)
 Metaspace       used 21717K, capacity 22137K, committed 22400K, reserved 1069056K
  class space    used 2274K, capacity 2400K, committed 2432K, reserved 1048576K
GC Heap History (10 events):
Event: 15.939 GC heap before
{Heap before GC invocations=6 (full 0):
 garbage-first heap   total 59392K, used 36868K [0x00000000d1000000, 0x0000000100000000)
  region size 1024K, 30 young (30720K), 4 survivors (4096K)
 Metaspace       used 19927K, capacity 20302K, committed 20480K, reserved 1067008K
  class space    used 2130K, capacity 2259K, committed 2304K, reserved 1048576K
}
Event: 16.008 GC heap after
{Heap after GC invocations=7 (full 0):
 garbage-first heap   total 59392K, used 13532K [0x00000000d1000000, 0x0000000100000000)
  region size 1024K, 4 young (4096K), 4 survivors (4096K)
 Metaspace       used 19927K, capacity 20302K, committed 20480K, reserved 1067008K
  class space    used 2130K, capacity 2259K, committed 2304K, reserved 1048576K
}
Event: 18.145 GC heap before
{Heap before GC invocations=7 (full 0):
 garbage-first heap   total 59392K, used 38108K [0x00000000d1000000, 0x0000000100000000)
  region size 1024K, 29 young (29696K), 4 survivors (4096K)
 Metaspace       used 20213K, capacity 20569K, committed 20736K, reserved 1067008K
  class space    used 2150K, capacity 2262K, committed 2304K, reserved 1048576K
}
Event: 18.169 GC heap after
{Heap after GC invocations=8 (full 0):
 garbage-first heap   total 59392K, used 16684K [0x00000000d1000000, 0x0000000100000000)
  region size 1024K, 3 young (3072K), 3 survivors (3072K)
 Metaspace       used 20213K, capacity 20569K, committed 20736K, reserved 1067008K
  class space    used 2150K, capacity 2262K, committed 2304K, reserved 1048576K
}
Event: 23.509 GC heap before
{Heap before GC invocations=8 (full 0):
 garbage-first heap   total 59392K, used 41260K [0x00000000d1000000, 0x0000000100000000)
  region size 1024K, 27 young (27648K), 3 survivors (3072K)
 Metaspace       used 20652K, capacity 21055K, committed 21248K, reserved 1069056K
  class space    used 2164K, capacity 2296K, committed 2304K, reserved 1048576K
}
Event: 23.543 GC heap after
{Heap after GC invocations=9 (full 0):
 garbage-first heap   total 59392K, used 17266K [0x00000000d1000000, 0x0000000100000000)
  region size 1024K, 2 young (2048K), 2 survivors (2048K)
 Metaspace       used 20652K, capacity 21055K, committed 21248K, reserved 1069056K
  class space    used 2164K, capacity 2296K, committed 2304K, reserved 1048576K
}
Event: 24.956 GC heap before
{Heap before GC invocations=9 (full 0):
 garbage-first heap   total 59392K, used 31602K [0x00000000d1000000, 0x0000000100000000)
  region size 1024K, 18 young (18432K), 2 survivors (2048K)
 Metaspace       used 20806K, capacity 21202K, committed 21248K, reserved 1069056K
  class space    used 2169K, capacity 2298K, committed 2304K, reserved 1048576K
}
Event: 24.969 GC heap after
{Heap after GC invocations=10 (full 0):
 garbage-first heap   total 72704K, used 18074K [0x00000000d1000000, 0x0000000100000000)
  region size 1024K, 3 young (3072K), 3 survivors (3072K)
 Metaspace       used 20806K, capacity 21202K, committed 21248K, reserved 1069056K
  class space    used 2169K, capacity 2298K, committed 2304K, reserved 1048576K
}
Event: 25.408 GC heap before
{Heap before GC invocations=11 (full 0):
 garbage-first heap   total 72704K, used 33434K [0x00000000d1000000, 0x0000000100000000)
  region size 1024K, 11 young (11264K), 3 survivors (3072K)
 Metaspace       used 21662K, capacity 22073K, committed 22144K, reserved 1069056K
  class space    used 2268K, capacity 2400K, committed 2432K, reserved 1048576K
}
Event: 25.419 GC heap after
{Heap after GC invocations=12 (full 0):
 garbage-first heap   total 72704K, used 26952K [0x00000000d1000000, 0x0000000100000000)
  region size 1024K, 2 young (2048K), 2 survivors (2048K)
 Metaspace       used 21662K, capacity 22073K, committed 22144K, reserved 1069056K
  class space    used 2268K, capacity 2400K, committed 2432K, reserved 1048576K
}

