# JRE version: Java(TM) SE Runtime Environment 18.9 (11.0.13+10) (build 11.0.13+10-LTS-370)
# Java VM: Java HotSpot(TM) 64-Bit Server VM 18.9 (11.0.13+10-LTS-370, mixed mode, tiered, compressed oops, g1 gc, windows-amd64)
Heap:
 garbage-first heap   total 107520K, used 25373K [0x00000000d1000000, 0x0000000100000000)
  region size 1024K, 9 young (9216K), 3 survivors (3072K)
 Metaspace       used 21948K, capacity 22396K, committed 22656K, reserved 1069056K
  class space    used 2273K, capacity 2401K, committed 2432K, reserved 1048576K
GC Heap History (10 events):
Event: 14.234 GC heap before
{Heap before GC invocations=7 (full 0):
 garbage-first heap   total 49152K, used 34495K [0x00000000d1000000, 0x0000000100000000)
  region size 1024K, 24 young (24576K), 3 survivors (3072K)
 Metaspace       used 20184K, capacity 20558K, committed 20736K, reserved 1067008K
  class space    used 2142K, capacity 2259K, committed 2304K, reserved 1048576K
}
Event: 14.284 GC heap after
{Heap after GC invocations=8 (full 0):
 garbage-first heap   total 86016K, used 16072K [0x00000000d1000000, 0x0000000100000000)
  region size 1024K, 3 young (3072K), 3 survivors (3072K)
 Metaspace       used 20184K, capacity 20558K, committed 20736K, reserved 1067008K
  class space    used 2142K, capacity 2259K, committed 2304K, reserved 1048576K
}
Event: 15.653 GC heap before
{Heap before GC invocations=8 (full 0):
 garbage-first heap   total 86016K, used 46792K [0x00000000d1000000, 0x0000000100000000)
  region size 1024K, 33 young (33792K), 3 survivors (3072K)
 Metaspace       used 20639K, capacity 21049K, committed 21248K, reserved 1069056K
  class space    used 2154K, capacity 2294K, committed 2304K, reserved 1048576K
}
Event: 15.693 GC heap after
{Heap after GC invocations=9 (full 0):
 garbage-first heap   total 86016K, used 17535K [0x00000000d1000000, 0x0000000100000000)
  region size 1024K, 2 young (2048K), 2 survivors (2048K)
 Metaspace       used 20639K, capacity 21049K, committed 21248K, reserved 1069056K
  class space    used 2154K, capacity 2294K, committed 2304K, reserved 1048576K
}
Event: 17.358 GC heap before
{Heap before GC invocations=9 (full 0):
 garbage-first heap   total 86016K, used 40063K [0x00000000d1000000, 0x0000000100000000)
  region size 1024K, 25 young (25600K), 2 survivors (2048K)
 Metaspace       used 20818K, capacity 21184K, committed 21248K, reserved 1069056K
  class space    used 2159K, capacity 2296K, committed 2304K, reserved 1048576K
}
Event: 17.391 GC heap after
{Heap after GC invocations=10 (full 0):
 garbage-first heap   total 86016K, used 18912K [0x00000000d1000000, 0x0000000100000000)
  region size 1024K, 4 young (4096K), 4 survivors (4096K)
 Metaspace       used 20818K, capacity 21184K, committed 21248K, reserved 1069056K
  class space    used 2159K, capacity 2296K, committed 2304K, reserved 1048576K
}
Event: 18.125 GC heap before
{Heap before GC invocations=11 (full 0):
 garbage-first heap   total 86016K, used 46560K [0x00000000d1000000, 0x0000000100000000)
  region size 1024K, 12 young (12288K), 4 survivors (4096K)
 Metaspace       used 21718K, capacity 22137K, committed 22400K, reserved 1069056K
  class space    used 2263K, capacity 2400K, committed 2432K, reserved 1048576K
}
Event: 18.151 GC heap after
{Heap after GC invocations=12 (full 0):
 garbage-first heap   total 86016K, used 40193K [0x00000000d1000000, 0x0000000100000000)
  region size 1024K, 3 young (3072K), 3 survivors (3072K)
 Metaspace       used 21718K, capacity 22137K, committed 22400K, reserved 1069056K
  class space    used 2263K, capacity 2400K, committed 2432K, reserved 1048576K
}
Event: 19.035 GC heap before
{Heap before GC invocations=13 (full 0):
 garbage-first heap   total 86016K, used 84225K [0x00000000d1000000, 0x0000000100000000)
  region size 1024K, 19 young (19456K), 3 survivors (3072K)
 Metaspace       used 21874K, capacity 22265K, committed 22400K, reserved 1069056K
  class space    used 2272K, capacity 2400K, committed 2432K, reserved 1048576K
}
Event: 19.093 GC heap after
{Heap after GC invocations=14 (full 0):
 garbage-first heap   total 107520K, used 20253K [0x00000000d1000000, 0x0000000100000000)
  region size 1024K, 3 young (3072K), 3 survivors (3072K)
 Metaspace       used 21874K, capacity 22265K, committed 22400K, reserved 1069056K
  class space    used 2272K, capacity 2400K, committed 2432K, reserved 1048576K
}

